<?xml version="1.0" encoding="UTF-8"?>
<testng-results skipped="0" failed="0" total="1" passed="1">
  <reporter-output>
  </reporter-output>
  <suite name="Default suite" duration-ms="11531" started-at="2018-12-27T08:23:00Z" finished-at="2018-12-27T08:23:12Z">
    <groups>
    </groups>
    <test name="Default test" duration-ms="11531" started-at="2018-12-27T08:23:00Z" finished-at="2018-12-27T08:23:12Z">
      <class name="tests.TestCaseLogin">
        <test-method status="PASS" signature="setUpSheetData()[pri:0, instance:tests.TestCaseLogin@224edc67]" name="setUpSheetData" is-config="true" duration-ms="623" started-at="2018-12-27T15:23:00Z" finished-at="2018-12-27T15:23:01Z">
          <reporter-output>
          </reporter-output>
        </test-method> <!-- setUpSheetData -->
        <test-method status="PASS" signature="setUp()[pri:0, instance:tests.TestCaseLogin@224edc67]" name="setUp" is-config="true" duration-ms="7274" started-at="2018-12-27T15:23:01Z" finished-at="2018-12-27T15:23:08Z">
          <reporter-output>
          </reporter-output>
        </test-method> <!-- setUp -->
        <test-method status="PASS" signature="TestCaseLoginPassed()[pri:0, instance:tests.TestCaseLogin@224edc67]" name="TestCaseLoginPassed" duration-ms="2433" started-at="2018-12-27T15:23:08Z" finished-at="2018-12-27T15:23:11Z">
          <reporter-output>
          </reporter-output>
        </test-method> <!-- TestCaseLoginPassed -->
        <test-method status="PASS" signature="tearDown()[pri:0, instance:tests.TestCaseLogin@224edc67]" name="tearDown" is-config="true" duration-ms="1183" started-at="2018-12-27T15:23:11Z" finished-at="2018-12-27T15:23:12Z">
          <reporter-output>
          </reporter-output>
        </test-method> <!-- tearDown -->
      </class> <!-- tests.TestCaseLogin -->
    </test> <!-- Default test -->
  </suite> <!-- Default suite -->
</testng-results>
